Started GET "/cars" for 127.0.0.1 at 2022-07-28 16:51:12 +0530
  [1m[35m (1.3ms)[0m  [1m[34mSELECT sqlite_version(*)[0m
  
ActionController::RoutingError (No route matches [GET] "/cars"):
  
Started GET "/cars" for 127.0.0.1 at 2022-07-28 16:51:31 +0530
  
ActionController::RoutingError (No route matches [GET] "/cars"):
  
Started GET "/cars" for 127.0.0.1 at 2022-07-28 16:52:09 +0530
  
ActionController::RoutingError (No route matches [GET] "/cars"):
  
Started GET "/cars" for 127.0.0.1 at 2022-07-28 16:58:26 +0530
  
ActionController::RoutingError (No route matches [GET] "/cars"):
  
Started GET "/cars" for 127.0.0.1 at 2022-07-28 16:58:28 +0530
  
ActionController::RoutingError (No route matches [GET] "/cars"):
  
Started GET "/cars" for 127.0.0.1 at 2022-07-28 17:07:03 +0530
  
ActionController::RoutingError (No route matches [GET] "/cars"):
  
Started GET "/cars" for 127.0.0.1 at 2022-07-28 17:07:14 +0530
  
ActionController::RoutingError (No route matches [GET] "/cars"):
  
Started GET "/rails/info/routes?path=/" for 127.0.0.1 at 2022-07-28 17:15:58 +0530
Processing by Rails::InfoController#routes as */*
  Parameters: {"path"=>"/"}
Completed 200 OK in 7ms (Views: 0.4ms | Allocations: 5352)


Started GET "/rails/info/routes?path=r" for 127.0.0.1 at 2022-07-28 17:16:03 +0530
Processing by Rails::InfoController#routes as */*
  Parameters: {"path"=>"r"}
Completed 200 OK in 1ms (Views: 0.2ms | Allocations: 1402)


Started GET "/rails/info/routes?path=5" for 127.0.0.1 at 2022-07-28 17:16:05 +0530
Processing by Rails::InfoController#routes as */*
  Parameters: {"path"=>"5"}
Completed 200 OK in 1ms (Views: 0.1ms | Allocations: 689)


Started GET "/cars" for 127.0.0.1 at 2022-07-28 17:17:09 +0530
  
ActionController::RoutingError (No route matches [GET] "/cars"):
  
Started GET "/cars" for 127.0.0.1 at 2022-07-28 17:17:11 +0530
  
ActionController::RoutingError (No route matches [GET] "/cars"):
  
Started GET "/cars" for 127.0.0.1 at 2022-07-28 17:18:19 +0530
  
ActionController::RoutingError (No route matches [GET] "/cars"):
  
Started GET "/cars" for 127.0.0.1 at 2022-07-28 17:19:14 +0530
  
ActionController::RoutingError (No route matches [GET] "/cars"):
  
Started GET "/cars" for 127.0.0.1 at 2022-07-28 17:22:47 +0530
  
ActionController::RoutingError (No route matches [GET] "/cars"):
  
Started GET "/cars" for 127.0.0.1 at 2022-07-28 17:24:34 +0530
  
ActionController::RoutingError (No route matches [GET] "/cars"):
  
Started GET "/cars" for 127.0.0.1 at 2022-07-28 17:30:14 +0530
  [1m[35m (0.5ms)[0m  [1m[34mSELECT sqlite_version(*)[0m
  
ActionController::RoutingError (No route matches [GET] "/cars"):
  
Started GET "/" for 127.0.0.1 at 2022-07-28 17:32:13 +0530
Processing by Rails::WelcomeController#index as HTML
  Rendering /usr/share/rvm/gems/ruby-3.0.0/gems/railties-7.0.3.1/lib/rails/templates/rails/welcome/index.html.erb
  Rendered /usr/share/rvm/gems/ruby-3.0.0/gems/railties-7.0.3.1/lib/rails/templates/rails/welcome/index.html.erb (Duration: 1.3ms | Allocations: 377)
Completed 200 OK in 7ms (Views: 2.4ms | ActiveRecord: 0.0ms | Allocations: 3733)


Started GET "/cars" for 127.0.0.1 at 2022-07-28 17:32:53 +0530
  
ActionController::RoutingError (No route matches [GET] "/cars"):
  
Started GET "/cars" for 127.0.0.1 at 2022-07-28 17:55:06 +0530
  [1m[35m (0.4ms)[0m  [1m[34mSELECT sqlite_version(*)[0m
  [1m[35m (39.0ms)[0m  [1m[35mCREATE TABLE "schema_migrations" ("version" varchar NOT NULL PRIMARY KEY)[0m
  [1m[35m (2.7ms)[0m  [1m[35mCREATE TABLE "ar_internal_metadata" ("key" varchar NOT NULL PRIMARY KEY, "value" varchar, "created_at" datetime(6) NOT NULL, "updated_at" datetime(6) NOT NULL)[0m
  [1m[36mActiveRecord::SchemaMigration Pluck (0.1ms)[0m  [1m[34mSELECT "schema_migrations"."version" FROM "schema_migrations" ORDER BY "schema_migrations"."version" ASC[0m
  
ActiveRecord::PendingMigrationError (

Migrations are pending. To resolve this issue, run:

        bin/rails db:migrate RAILS_ENV=development

You have 1 pending migration:

20220728121230_create_cars.rb


):
  
activerecord (7.0.3.1) lib/active_record/migration.rb:627:in `check_pending!'
activerecord (7.0.3.1) lib/active_record/migration.rb:592:in `block (2 levels) in call'
activesupport (7.0.3.1) lib/active_support/file_update_checker.rb:83:in `execute'
activerecord (7.0.3.1) lib/active_record/migration.rb:597:in `block in call'
activerecord (7.0.3.1) lib/active_record/migration.rb:589:in `synchronize'
activerecord (7.0.3.1) lib/active_record/migration.rb:589:in `call'
actionpack (7.0.3.1) lib/action_dispatch/middleware/callbacks.rb:27:in `block in call'
activesupport (7.0.3.1) lib/active_support/callbacks.rb:99:in `run_callbacks'
actionpack (7.0.3.1) lib/action_dispatch/middleware/callbacks.rb:26:in `call'
actionpack (7.0.3.1) lib/action_dispatch/middleware/executor.rb:14:in `call'
actionpack (7.0.3.1) lib/action_dispatch/middleware/actionable_exceptions.rb:17:in `call'
actionpack (7.0.3.1) lib/action_dispatch/middleware/debug_exceptions.rb:28:in `call'
web-console (4.2.0) lib/web_console/middleware.rb:132:in `call_app'
web-console (4.2.0) lib/web_console/middleware.rb:28:in `block in call'
web-console (4.2.0) lib/web_console/middleware.rb:17:in `catch'
web-console (4.2.0) lib/web_console/middleware.rb:17:in `call'
actionpack (7.0.3.1) lib/action_dispatch/middleware/show_exceptions.rb:26:in `call'
railties (7.0.3.1) lib/rails/rack/logger.rb:40:in `call_app'
railties (7.0.3.1) lib/rails/rack/logger.rb:25:in `block in call'
activesupport (7.0.3.1) lib/active_support/tagged_logging.rb:114:in `block in tagged'
activesupport (7.0.3.1) lib/active_support/tagged_logging.rb:38:in `tagged'
activesupport (7.0.3.1) lib/active_support/tagged_logging.rb:114:in `tagged'
railties (7.0.3.1) lib/rails/rack/logger.rb:25:in `call'
sprockets-rails (3.4.2) lib/sprockets/rails/quiet_assets.rb:13:in `call'
actionpack (7.0.3.1) lib/action_dispatch/middleware/remote_ip.rb:93:in `call'
actionpack (7.0.3.1) lib/action_dispatch/middleware/request_id.rb:26:in `call'
rack (2.2.4) lib/rack/method_override.rb:24:in `call'
rack (2.2.4) lib/rack/runtime.rb:22:in `call'
activesupport (7.0.3.1) lib/active_support/cache/strategy/local_cache_middleware.rb:29:in `call'
actionpack (7.0.3.1) lib/action_dispatch/middleware/server_timing.rb:20:in `call'
actionpack (7.0.3.1) lib/action_dispatch/middleware/executor.rb:14:in `call'
actionpack (7.0.3.1) lib/action_dispatch/middleware/static.rb:23:in `call'
rack (2.2.4) lib/rack/sendfile.rb:110:in `call'
actionpack (7.0.3.1) lib/action_dispatch/middleware/host_authorization.rb:137:in `call'
railties (7.0.3.1) lib/rails/engine.rb:530:in `call'
puma (5.6.4) lib/puma/configuration.rb:252:in `call'
puma (5.6.4) lib/puma/request.rb:77:in `block in handle_request'
puma (5.6.4) lib/puma/thread_pool.rb:340:in `with_force_shutdown'
puma (5.6.4) lib/puma/request.rb:76:in `handle_request'
puma (5.6.4) lib/puma/server.rb:441:in `process_client'
puma (5.6.4) lib/puma/thread_pool.rb:147:in `block in spawn_thread'
  [1m[35m (0.3ms)[0m  [1m[34mSELECT sqlite_version(*)[0m
  [1m[36mActiveRecord::SchemaMigration Pluck (0.1ms)[0m  [1m[34mSELECT "schema_migrations"."version" FROM "schema_migrations" ORDER BY "schema_migrations"."version" ASC[0m
Migrating to CreateCars (20220728121230)
  [1m[36mTRANSACTION (0.0ms)[0m  [1m[36mbegin transaction[0m
  [1m[35m (0.1ms)[0m  [1m[35mCREATE TABLE "cars" ("id" integer PRIMARY KEY AUTOINCREMENT NOT NULL, "make" varchar, "model" varchar, "year" integer, "created_at" datetime(6) NOT NULL, "updated_at" datetime(6) NOT NULL)[0m
  [1m[36mActiveRecord::SchemaMigration Create (0.1ms)[0m  [1m[32mINSERT INTO "schema_migrations" ("version") VALUES (?)[0m  [["version", "20220728121230"]]
  [1m[36mTRANSACTION (2.1ms)[0m  [1m[36mcommit transaction[0m
  [1m[36mActiveRecord::InternalMetadata Load (0.1ms)[0m  [1m[34mSELECT "ar_internal_metadata".* FROM "ar_internal_metadata" WHERE "ar_internal_metadata"."key" = ? LIMIT ?[0m  [["key", "environment"], ["LIMIT", 1]]
  [1m[36mTRANSACTION (0.0ms)[0m  [1m[36mbegin transaction[0m
  [1m[36mActiveRecord::InternalMetadata Create (0.1ms)[0m  [1m[32mINSERT INTO "ar_internal_metadata" ("key", "value", "created_at", "updated_at") VALUES (?, ?, ?, ?)[0m  [["key", "environment"], ["value", "development"], ["created_at", "2022-07-28 12:26:38.256874"], ["updated_at", "2022-07-28 12:26:38.256874"]]
  [1m[36mTRANSACTION (1.5ms)[0m  [1m[36mcommit transaction[0m
  [1m[35m (0.0ms)[0m  [1m[34mSELECT sqlite_version(*)[0m
  [1m[36mActiveRecord::SchemaMigration Pluck (0.0ms)[0m  [1m[34mSELECT "schema_migrations"."version" FROM "schema_migrations" ORDER BY "schema_migrations"."version" ASC[0m
Started GET "/cars" for 127.0.0.1 at 2022-07-28 17:56:54 +0530
  [1m[35m (0.3ms)[0m  [1m[34mSELECT sqlite_version(*)[0m
  [1m[36mActiveRecord::SchemaMigration Pluck (0.1ms)[0m  [1m[34mSELECT "schema_migrations"."version" FROM "schema_migrations" ORDER BY "schema_migrations"."version" ASC[0m
Processing by CarsController#index as HTML
  Rendering layout layouts/application.html.erb
  Rendering cars/index.html.erb within layouts/application
  [1m[36mCar Load (0.1ms)[0m  [1m[34mSELECT "cars".* FROM "cars"[0m
  ↳ app/views/cars/index.html.erb:6
  Rendered cars/index.html.erb within layouts/application (Duration: 2.2ms | Allocations: 1417)
  Rendered layout layouts/application.html.erb (Duration: 143.5ms | Allocations: 95194)
Completed 200 OK in 148ms (Views: 144.6ms | ActiveRecord: 0.1ms | Allocations: 101170)


Started GET "/cars/new" for 127.0.0.1 at 2022-07-28 17:56:57 +0530
Processing by CarsController#new as HTML
  Rendering layout layouts/application.html.erb
  Rendering cars/new.html.erb within layouts/application
  Rendered cars/_form.html.erb (Duration: 23.4ms | Allocations: 5799)
  Rendered cars/new.html.erb within layouts/application (Duration: 24.2ms | Allocations: 6135)
  Rendered layout layouts/application.html.erb (Duration: 26.1ms | Allocations: 8323)
Completed 200 OK in 32ms (Views: 26.6ms | ActiveRecord: 0.5ms | Allocations: 13685)


Started GET "/cars" for 127.0.0.1 at 2022-07-28 17:58:27 +0530
Processing by CarsController#index as HTML
  Rendering layout layouts/application.html.erb
  Rendering cars/index.html.erb within layouts/application
  [1m[36mCar Load (0.1ms)[0m  [1m[34mSELECT "cars".* FROM "cars"[0m
  ↳ app/views/cars/index.html.erb:6
  Rendered cars/index.html.erb within layouts/application (Duration: 1.2ms | Allocations: 729)
  Rendered layout layouts/application.html.erb (Duration: 3.1ms | Allocations: 2930)
Completed 200 OK in 4ms (Views: 3.4ms | ActiveRecord: 0.1ms | Allocations: 3272)


Started GET "/cars/new" for 127.0.0.1 at 2022-07-28 17:58:36 +0530
Processing by CarsController#new as HTML
  Rendering layout layouts/application.html.erb
  Rendering cars/new.html.erb within layouts/application
  Rendered cars/_form.html.erb (Duration: 1.9ms | Allocations: 1236)
  Rendered cars/new.html.erb within layouts/application (Duration: 2.2ms | Allocations: 1338)
  Rendered layout layouts/application.html.erb (Duration: 4.6ms | Allocations: 3526)
Completed 200 OK in 5ms (Views: 5.1ms | ActiveRecord: 0.0ms | Allocations: 3871)


Started GET "/cars" for 127.0.0.1 at 2022-07-29 14:47:26 +0530
  [1m[35m (0.4ms)[0m  [1m[34mSELECT sqlite_version(*)[0m
  [1m[36mActiveRecord::SchemaMigration Pluck (0.1ms)[0m  [1m[34mSELECT "schema_migrations"."version" FROM "schema_migrations" ORDER BY "schema_migrations"."version" ASC[0m
Processing by CarsController#index as HTML
  Rendering layout layouts/application.html.erb
  Rendering cars/index.html.erb within layouts/application
  [1m[36mCar Load (0.1ms)[0m  [1m[34mSELECT "cars".* FROM "cars"[0m
  ↳ app/views/cars/index.html.erb:6
  Rendered cars/index.html.erb within layouts/application (Duration: 2.8ms | Allocations: 1417)
  Rendered layout layouts/application.html.erb (Duration: 26.7ms | Allocations: 36179)
Completed 200 OK in 33ms (Views: 28.3ms | ActiveRecord: 0.1ms | Allocations: 42156)


Started GET "/cars/new" for 127.0.0.1 at 2022-07-29 14:47:49 +0530
Processing by CarsController#new as HTML
  Rendering layout layouts/application.html.erb
  Rendering cars/new.html.erb within layouts/application
  Rendered cars/_form.html.erb (Duration: 5.9ms | Allocations: 3919)
  Rendered cars/new.html.erb within layouts/application (Duration: 6.6ms | Allocations: 4250)
  Rendered layout layouts/application.html.erb (Duration: 8.4ms | Allocations: 6438)
Completed 200 OK in 18ms (Views: 8.9ms | ActiveRecord: 0.6ms | Allocations: 15263)


Started POST "/cars" for 127.0.0.1 at 2022-07-29 14:48:12 +0530
Processing by CarsController#create as TURBO_STREAM
  Parameters: {"authenticity_token"=>"[FILTERED]", "car"=>{"make"=>"asd", "model"=>"89ij", "year"=>"2"}, "commit"=>"Create Car"}
  [1m[36mTRANSACTION (0.1ms)[0m  [1m[36mbegin transaction[0m
  ↳ app/controllers/cars_controller.rb:27:in `block in create'
  [1m[36mCar Create (0.3ms)[0m  [1m[32mINSERT INTO "cars" ("make", "model", "year", "created_at", "updated_at") VALUES (?, ?, ?, ?, ?)[0m  [["make", "asd"], ["model", "89ij"], ["year", 2], ["created_at", "2022-07-29 09:18:12.046748"], ["updated_at", "2022-07-29 09:18:12.046748"]]
  ↳ app/controllers/cars_controller.rb:27:in `block in create'
  [1m[36mTRANSACTION (1.6ms)[0m  [1m[36mcommit transaction[0m
  ↳ app/controllers/cars_controller.rb:27:in `block in create'
Redirected to http://localhost:3000/cars/1
Completed 302 Found in 7ms (ActiveRecord: 2.0ms | Allocations: 3387)


Started GET "/cars/1" for 127.0.0.1 at 2022-07-29 14:48:12 +0530
Processing by CarsController#show as TURBO_STREAM
  Parameters: {"id"=>"1"}
  [1m[36mCar Load (0.1ms)[0m  [1m[34mSELECT "cars".* FROM "cars" WHERE "cars"."id" = ? LIMIT ?[0m  [["id", 1], ["LIMIT", 1]]
  ↳ app/controllers/cars_controller.rb:63:in `set_car'
  Rendering layout layouts/application.html.erb
  Rendering cars/show.html.erb within layouts/application
  Rendered cars/_car.html.erb (Duration: 0.3ms | Allocations: 232)
  Rendered cars/show.html.erb within layouts/application (Duration: 2.2ms | Allocations: 1459)
  Rendered layout layouts/application.html.erb (Duration: 3.5ms | Allocations: 3639)
Completed 200 OK in 6ms (Views: 3.9ms | ActiveRecord: 0.1ms | Allocations: 6419)


Started GET "/cars/1/edit" for 127.0.0.1 at 2022-07-29 14:48:15 +0530
Processing by CarsController#edit as HTML
  Parameters: {"id"=>"1"}
  [1m[36mCar Load (0.1ms)[0m  [1m[34mSELECT "cars".* FROM "cars" WHERE "cars"."id" = ? LIMIT ?[0m  [["id", 1], ["LIMIT", 1]]
  ↳ app/controllers/cars_controller.rb:63:in `set_car'
  Rendering layout layouts/application.html.erb
  Rendering cars/edit.html.erb within layouts/application
  Rendered cars/_form.html.erb (Duration: 1.4ms | Allocations: 1347)
  Rendered cars/edit.html.erb within layouts/application (Duration: 2.3ms | Allocations: 1655)
  Rendered layout layouts/application.html.erb (Duration: 3.9ms | Allocations: 3835)
Completed 200 OK in 6ms (Views: 4.5ms | ActiveRecord: 0.1ms | Allocations: 4682)


Started GET "/cars" for 127.0.0.1 at 2022-07-29 14:48:19 +0530
Processing by CarsController#index as HTML
  Rendering layout layouts/application.html.erb
  Rendering cars/index.html.erb within layouts/application
  [1m[36mCar Load (0.1ms)[0m  [1m[34mSELECT "cars".* FROM "cars"[0m
  ↳ app/views/cars/index.html.erb:6
  Rendered cars/_car.html.erb (Duration: 0.1ms | Allocations: 25)
  Rendered cars/index.html.erb within layouts/application (Duration: 2.4ms | Allocations: 878)
  Rendered layout layouts/application.html.erb (Duration: 6.3ms | Allocations: 3078)
Completed 200 OK in 8ms (Views: 6.8ms | ActiveRecord: 0.1ms | Allocations: 3412)


Started GET "/cars" for 127.0.0.1 at 2022-07-29 14:48:47 +0530
Processing by CarsController#index as HTML
  Rendering layout layouts/application.html.erb
  Rendering cars/index.html.erb within layouts/application
  [1m[36mCar Load (0.1ms)[0m  [1m[34mSELECT "cars".* FROM "cars"[0m
  ↳ app/views/cars/index.html.erb:6
  Rendered cars/_car.html.erb (Duration: 0.1ms | Allocations: 25)
  Rendered cars/index.html.erb within layouts/application (Duration: 2.3ms | Allocations: 872)
  Rendered layout layouts/application.html.erb (Duration: 4.0ms | Allocations: 3072)
Completed 200 OK in 5ms (Views: 4.3ms | ActiveRecord: 0.1ms | Allocations: 3403)


Started GET "/cars" for 127.0.0.1 at 2022-07-29 14:49:18 +0530
Processing by CarsController#index as HTML
  Rendering layout layouts/application.html.erb
  Rendering cars/index.html.erb within layouts/application
  [1m[36mCar Load (0.1ms)[0m  [1m[34mSELECT "cars".* FROM "cars"[0m
  ↳ app/views/cars/index.html.erb:6
  Rendered cars/_car.html.erb (Duration: 0.1ms | Allocations: 25)
  Rendered cars/index.html.erb within layouts/application (Duration: 1.4ms | Allocations: 873)
  Rendered layout layouts/application.html.erb (Duration: 2.8ms | Allocations: 3073)
Completed 200 OK in 3ms (Views: 3.0ms | ActiveRecord: 0.1ms | Allocations: 3404)


  [1m[35m (0.9ms)[0m  [1m[34mSELECT sqlite_version(*)[0m
  [1m[36mActiveRecord::SchemaMigration Pluck (0.1ms)[0m  [1m[34mSELECT "schema_migrations"."version" FROM "schema_migrations" ORDER BY "schema_migrations"."version" ASC[0m
  [1m[36mActiveRecord::InternalMetadata Load (0.2ms)[0m  [1m[34mSELECT "ar_internal_metadata".* FROM "ar_internal_metadata" WHERE "ar_internal_metadata"."key" = ? LIMIT ?[0m  [["key", "environment"], ["LIMIT", 1]]
  [1m[35m (0.1ms)[0m  [1m[34mSELECT sqlite_version(*)[0m
  [1m[36mActiveRecord::SchemaMigration Pluck (0.1ms)[0m  [1m[34mSELECT "schema_migrations"."version" FROM "schema_migrations" ORDER BY "schema_migrations"."version" ASC[0m
Started GET "/cars" for 127.0.0.1 at 2022-08-01 16:31:35 +0530
  [1m[35m (0.9ms)[0m  [1m[34mSELECT sqlite_version(*)[0m
  [1m[36mActiveRecord::SchemaMigration Pluck (0.1ms)[0m  [1m[34mSELECT "schema_migrations"."version" FROM "schema_migrations" ORDER BY "schema_migrations"."version" ASC[0m
Processing by CarsController#index as HTML
  Rendering layout layouts/application.html.erb
  Rendering cars/index.html.erb within layouts/application
  [1m[36mCar Load (0.2ms)[0m  [1m[34mSELECT "cars".* FROM "cars"[0m
  ↳ app/views/cars/index.html.erb:6
  Rendered cars/_car.html.erb (Duration: 0.6ms | Allocations: 260)
  Rendered cars/index.html.erb within layouts/application (Duration: 14.8ms | Allocations: 7108)
  Rendered layout layouts/application.html.erb (Duration: 68.8ms | Allocations: 41177)
Completed 200 OK in 86ms (Views: 72.1ms | ActiveRecord: 0.8ms | Allocations: 47151)


Started GET "/cars/new" for 127.0.0.1 at 2022-08-01 16:35:10 +0530
Processing by CarsController#new as HTML
  Rendering layout layouts/application.html.erb
  Rendering cars/new.html.erb within layouts/application
  Rendered cars/_form.html.erb (Duration: 18.3ms | Allocations: 8431)
  Rendered cars/new.html.erb within layouts/application (Duration: 19.6ms | Allocations: 8753)
  Rendered layout layouts/application.html.erb (Duration: 22.9ms | Allocations: 10941)
Completed 200 OK in 24ms (Views: 23.6ms | ActiveRecord: 0.0ms | Allocations: 11373)


Started GET "/cars" for 127.0.0.1 at 2022-08-01 17:27:34 +0530
  [1m[35m (1.2ms)[0m  [1m[34mSELECT sqlite_version(*)[0m
  [1m[36mActiveRecord::SchemaMigration Pluck (0.2ms)[0m  [1m[34mSELECT "schema_migrations"."version" FROM "schema_migrations" ORDER BY "schema_migrations"."version" ASC[0m
Processing by CarsController#index as HTML
  Rendering layout layouts/application.html.erb
  Rendering cars/index.html.erb within layouts/application
  [1m[36mCar Load (0.2ms)[0m  [1m[34mSELECT "cars".* FROM "cars"[0m
  ↳ app/views/cars/index.html.erb:6
  Rendered cars/_car.html.erb (Duration: 0.5ms | Allocations: 260)
  Rendered cars/index.html.erb within layouts/application (Duration: 13.5ms | Allocations: 11063)
  Rendered layout layouts/application.html.erb (Duration: 309.5ms | Allocations: 102673)
Completed 200 OK in 324ms (Views: 313.2ms | ActiveRecord: 0.6ms | Allocations: 109803)


Started GET "/cars/1" for 127.0.0.1 at 2022-08-01 17:27:40 +0530
Processing by CarsController#show as HTML
  Parameters: {"id"=>"1"}
  [1m[36mCar Load (0.4ms)[0m  [1m[34mSELECT "cars".* FROM "cars" WHERE "cars"."id" = ? LIMIT ?[0m  [["id", 1], ["LIMIT", 1]]
  ↳ app/controllers/cars_controller.rb:63:in `set_car'
  Rendering layout layouts/application.html.erb
  Rendering cars/show.html.erb within layouts/application
  Rendered cars/_car.html.erb (Duration: 0.2ms | Allocations: 25)
  Rendered cars/show.html.erb within layouts/application (Duration: 3.5ms | Allocations: 837)
  Rendered layout layouts/application.html.erb (Duration: 8.4ms | Allocations: 3018)
Completed 200 OK in 20ms (Views: 9.5ms | ActiveRecord: 0.4ms | Allocations: 6095)


Started GET "/cars/1/edit" for 127.0.0.1 at 2022-08-01 17:27:42 +0530
Processing by CarsController#edit as HTML
  Parameters: {"id"=>"1"}
  [1m[36mCar Load (0.2ms)[0m  [1m[34mSELECT "cars".* FROM "cars" WHERE "cars"."id" = ? LIMIT ?[0m  [["id", 1], ["LIMIT", 1]]
  ↳ app/controllers/cars_controller.rb:63:in `set_car'
  Rendering layout layouts/application.html.erb
  Rendering cars/edit.html.erb within layouts/application
  Rendered cars/_form.html.erb (Duration: 13.1ms | Allocations: 5905)
  Rendered cars/edit.html.erb within layouts/application (Duration: 14.4ms | Allocations: 6277)
  Rendered layout layouts/application.html.erb (Duration: 17.5ms | Allocations: 8457)
Completed 200 OK in 20ms (Views: 18.3ms | ActiveRecord: 0.2ms | Allocations: 9304)


Started GET "/cars" for 127.0.0.1 at 2022-08-01 17:27:45 +0530
Processing by CarsController#index as HTML
  Rendering layout layouts/application.html.erb
  Rendering cars/index.html.erb within layouts/application
  [1m[36mCar Load (0.1ms)[0m  [1m[34mSELECT "cars".* FROM "cars"[0m
  ↳ app/views/cars/index.html.erb:6
  Rendered cars/_car.html.erb (Duration: 0.1ms | Allocations: 25)
  Rendered cars/index.html.erb within layouts/application (Duration: 1.8ms | Allocations: 881)
  Rendered layout layouts/application.html.erb (Duration: 4.1ms | Allocations: 3083)
Completed 200 OK in 5ms (Views: 4.6ms | ActiveRecord: 0.1ms | Allocations: 3426)


  [1m[35m (0.4ms)[0m  [1m[34mSELECT sqlite_version(*)[0m
  [1m[36mActiveRecord::SchemaMigration Pluck (0.1ms)[0m  [1m[34mSELECT "schema_migrations"."version" FROM "schema_migrations" ORDER BY "schema_migrations"."version" ASC[0m
  [1m[36mActiveRecord::InternalMetadata Load (0.1ms)[0m  [1m[34mSELECT "ar_internal_metadata".* FROM "ar_internal_metadata" WHERE "ar_internal_metadata"."key" = ? LIMIT ?[0m  [["key", "environment"], ["LIMIT", 1]]
  [1m[35m (0.0ms)[0m  [1m[34mSELECT sqlite_version(*)[0m
  [1m[36mActiveRecord::SchemaMigration Pluck (0.0ms)[0m  [1m[34mSELECT "schema_migrations"."version" FROM "schema_migrations" ORDER BY "schema_migrations"."version" ASC[0m
Started GET "/" for 127.0.0.1 at 2022-08-02 16:39:37 +0530
  [1m[35m (0.3ms)[0m  [1m[34mSELECT sqlite_version(*)[0m
  [1m[36mActiveRecord::SchemaMigration Pluck (0.1ms)[0m  [1m[34mSELECT "schema_migrations"."version" FROM "schema_migrations" ORDER BY "schema_migrations"."version" ASC[0m
Processing by CarsController#index as HTML
  Rendering layout layouts/application.html.erb
  Rendering cars/index.html.erb within layouts/application
  [1m[36mCar Load (0.1ms)[0m  [1m[34mSELECT "cars".* FROM "cars"[0m
  ↳ app/views/cars/index.html.erb:6
  Rendered cars/_car.html.erb (Duration: 0.5ms | Allocations: 260)
  Rendered cars/index.html.erb within layouts/application (Duration: 7.6ms | Allocations: 7109)
  Rendered layout layouts/application.html.erb (Duration: 32.6ms | Allocations: 41913)
Completed 200 OK in 43ms (Views: 35.0ms | ActiveRecord: 0.4ms | Allocations: 47850)


Started GET "/cars" for 127.0.0.1 at 2022-08-03 12:35:21 +0530
  [1m[35m (0.6ms)[0m  [1m[34mSELECT sqlite_version(*)[0m
  [1m[36mActiveRecord::SchemaMigration Pluck (0.1ms)[0m  [1m[34mSELECT "schema_migrations"."version" FROM "schema_migrations" ORDER BY "schema_migrations"."version" ASC[0m
Processing by CarsController#index as HTML
  Rendering layout layouts/application.html.erb
  Rendering cars/index.html.erb within layouts/application
  [1m[36mCar Load (0.1ms)[0m  [1m[34mSELECT "cars".* FROM "cars"[0m
  ↳ app/views/cars/index.html.erb:6
  Rendered cars/_car.html.erb (Duration: 0.3ms | Allocations: 260)
  Rendered cars/index.html.erb within layouts/application (Duration: 8.2ms | Allocations: 7108)
  Rendered layout layouts/application.html.erb (Duration: 40.4ms | Allocations: 41890)
Completed 200 OK in 50ms (Views: 42.8ms | ActiveRecord: 0.4ms | Allocations: 47827)


Started GET "/cars" for 127.0.0.1 at 2022-08-04 13:22:40 +0530
  [1m[35m (0.5ms)[0m  [1m[34mSELECT sqlite_version(*)[0m
  [1m[36mActiveRecord::SchemaMigration Pluck (0.1ms)[0m  [1m[34mSELECT "schema_migrations"."version" FROM "schema_migrations" ORDER BY "schema_migrations"."version" ASC[0m
  [1m[36mCACHE ActiveRecord::SchemaMigration Pluck (0.0ms)[0m  [1m[34mSELECT "schema_migrations"."version" FROM "schema_migrations" ORDER BY "schema_migrations"."version" ASC[0m
  
ActiveRecord::PendingMigrationError (

Migrations are pending. To resolve this issue, run:

        bin/rails db:migrate RAILS_ENV=development

You have 1 pending migration:

20220803071051_create_bikes.rb


):
  
activerecord (7.0.3.1) lib/active_record/migration.rb:627:in `check_pending!'
activerecord (7.0.3.1) lib/active_record/migration.rb:592:in `block (2 levels) in call'
activesupport (7.0.3.1) lib/active_support/file_update_checker.rb:83:in `execute'
activerecord (7.0.3.1) lib/active_record/migration.rb:597:in `block in call'
activerecord (7.0.3.1) lib/active_record/migration.rb:589:in `synchronize'
activerecord (7.0.3.1) lib/active_record/migration.rb:589:in `call'
actionpack (7.0.3.1) lib/action_dispatch/middleware/callbacks.rb:27:in `block in call'
activesupport (7.0.3.1) lib/active_support/callbacks.rb:99:in `run_callbacks'
actionpack (7.0.3.1) lib/action_dispatch/middleware/callbacks.rb:26:in `call'
actionpack (7.0.3.1) lib/action_dispatch/middleware/executor.rb:14:in `call'
actionpack (7.0.3.1) lib/action_dispatch/middleware/actionable_exceptions.rb:17:in `call'
actionpack (7.0.3.1) lib/action_dispatch/middleware/debug_exceptions.rb:28:in `call'
web-console (4.2.0) lib/web_console/middleware.rb:132:in `call_app'
web-console (4.2.0) lib/web_console/middleware.rb:28:in `block in call'
web-console (4.2.0) lib/web_console/middleware.rb:17:in `catch'
web-console (4.2.0) lib/web_console/middleware.rb:17:in `call'
actionpack (7.0.3.1) lib/action_dispatch/middleware/show_exceptions.rb:26:in `call'
railties (7.0.3.1) lib/rails/rack/logger.rb:40:in `call_app'
railties (7.0.3.1) lib/rails/rack/logger.rb:25:in `block in call'
activesupport (7.0.3.1) lib/active_support/tagged_logging.rb:114:in `block in tagged'
activesupport (7.0.3.1) lib/active_support/tagged_logging.rb:38:in `tagged'
activesupport (7.0.3.1) lib/active_support/tagged_logging.rb:114:in `tagged'
railties (7.0.3.1) lib/rails/rack/logger.rb:25:in `call'
sprockets-rails (3.4.2) lib/sprockets/rails/quiet_assets.rb:13:in `call'
actionpack (7.0.3.1) lib/action_dispatch/middleware/remote_ip.rb:93:in `call'
actionpack (7.0.3.1) lib/action_dispatch/middleware/request_id.rb:26:in `call'
rack (2.2.4) lib/rack/method_override.rb:24:in `call'
rack (2.2.4) lib/rack/runtime.rb:22:in `call'
activesupport (7.0.3.1) lib/active_support/cache/strategy/local_cache_middleware.rb:29:in `call'
actionpack (7.0.3.1) lib/action_dispatch/middleware/server_timing.rb:20:in `call'
actionpack (7.0.3.1) lib/action_dispatch/middleware/executor.rb:14:in `call'
actionpack (7.0.3.1) lib/action_dispatch/middleware/static.rb:23:in `call'
rack (2.2.4) lib/rack/sendfile.rb:110:in `call'
actionpack (7.0.3.1) lib/action_dispatch/middleware/host_authorization.rb:137:in `call'
railties (7.0.3.1) lib/rails/engine.rb:530:in `call'
puma (5.6.4) lib/puma/configuration.rb:252:in `call'
puma (5.6.4) lib/puma/request.rb:77:in `block in handle_request'
puma (5.6.4) lib/puma/thread_pool.rb:340:in `with_force_shutdown'
puma (5.6.4) lib/puma/request.rb:76:in `handle_request'
puma (5.6.4) lib/puma/server.rb:441:in `process_client'
puma (5.6.4) lib/puma/thread_pool.rb:147:in `block in spawn_thread'
  [1m[35m (0.3ms)[0m  [1m[34mSELECT sqlite_version(*)[0m
  [1m[36mActiveRecord::SchemaMigration Pluck (0.1ms)[0m  [1m[34mSELECT "schema_migrations"."version" FROM "schema_migrations" ORDER BY "schema_migrations"."version" ASC[0m
Migrating to CreateBikes (20220803071051)
  [1m[36mTRANSACTION (0.0ms)[0m  [1m[36mbegin transaction[0m
  [1m[35m (0.1ms)[0m  [1m[35mCREATE TABLE "bikes" ("id" integer PRIMARY KEY AUTOINCREMENT NOT NULL, "brand" varchar, "model" varchar, "year" integer, "created_at" datetime(6) NOT NULL, "updated_at" datetime(6) NOT NULL)[0m
  [1m[36mActiveRecord::SchemaMigration Create (0.1ms)[0m  [1m[32mINSERT INTO "schema_migrations" ("version") VALUES (?)[0m  [["version", "20220803071051"]]
  [1m[36mTRANSACTION (3.1ms)[0m  [1m[36mcommit transaction[0m
  [1m[36mActiveRecord::InternalMetadata Load (0.1ms)[0m  [1m[34mSELECT "ar_internal_metadata".* FROM "ar_internal_metadata" WHERE "ar_internal_metadata"."key" = ? LIMIT ?[0m  [["key", "environment"], ["LIMIT", 1]]
  [1m[35m (0.0ms)[0m  [1m[34mSELECT sqlite_version(*)[0m
  [1m[36mActiveRecord::SchemaMigration Pluck (0.0ms)[0m  [1m[34mSELECT "schema_migrations"."version" FROM "schema_migrations" ORDER BY "schema_migrations"."version" ASC[0m
Started GET "/cars" for 127.0.0.1 at 2022-08-04 13:23:16 +0530
  [1m[35m (0.2ms)[0m  [1m[34mSELECT sqlite_version(*)[0m
  [1m[36mActiveRecord::SchemaMigration Pluck (2.8ms)[0m  [1m[34mSELECT "schema_migrations"."version" FROM "schema_migrations" ORDER BY "schema_migrations"."version" ASC[0m
Processing by CarsController#index as HTML
  Rendering layout layouts/application.html.erb
  Rendering cars/index.html.erb within layouts/application
  [1m[36mCar Load (0.1ms)[0m  [1m[34mSELECT "cars".* FROM "cars"[0m
  ↳ app/views/cars/index.html.erb:6
  Rendered cars/_car.html.erb (Duration: 0.6ms | Allocations: 260)
  Rendered cars/index.html.erb within layouts/application (Duration: 7.6ms | Allocations: 7110)
  Rendered layout layouts/application.html.erb (Duration: 41.3ms | Allocations: 41884)
Completed 200 OK in 49ms (Views: 42.4ms | ActiveRecord: 0.4ms | Allocations: 47835)


Started GET "/cars/1" for 127.0.0.1 at 2022-08-04 13:23:29 +0530
Processing by CarsController#show as HTML
  Parameters: {"id"=>"1"}
  [1m[36mCar Load (0.1ms)[0m  [1m[34mSELECT "cars".* FROM "cars" WHERE "cars"."id" = ? LIMIT ?[0m  [["id", 1], ["LIMIT", 1]]
  ↳ app/controllers/cars_controller.rb:63:in `set_car'
  Rendering layout layouts/application.html.erb
  Rendering cars/show.html.erb within layouts/application
  Rendered cars/_car.html.erb (Duration: 0.0ms | Allocations: 25)
  Rendered cars/show.html.erb within layouts/application (Duration: 1.2ms | Allocations: 844)
  Rendered layout layouts/application.html.erb (Duration: 2.5ms | Allocations: 3024)
Completed 200 OK in 5ms (Views: 2.7ms | ActiveRecord: 0.1ms | Allocations: 5825)


Started GET "/cars/1/edit" for 127.0.0.1 at 2022-08-04 13:23:31 +0530
Processing by CarsController#edit as HTML
  Parameters: {"id"=>"1"}
  [1m[36mCar Load (0.1ms)[0m  [1m[34mSELECT "cars".* FROM "cars" WHERE "cars"."id" = ? LIMIT ?[0m  [["id", 1], ["LIMIT", 1]]
  ↳ app/controllers/cars_controller.rb:63:in `set_car'
  Rendering layout layouts/application.html.erb
  Rendering cars/edit.html.erb within layouts/application
  Rendered cars/_form.html.erb (Duration: 12.2ms | Allocations: 3864)
  Rendered cars/edit.html.erb within layouts/application (Duration: 44.3ms | Allocations: 4235)
  Rendered layout layouts/application.html.erb (Duration: 47.7ms | Allocations: 6415)
Completed 200 OK in 49ms (Views: 48.2ms | ActiveRecord: 0.1ms | Allocations: 7262)


Started GET "/cars/1/edit" for 127.0.0.1 at 2022-08-04 13:23:39 +0530
Processing by CarsController#edit as HTML
  Parameters: {"id"=>"1"}
  [1m[36mCar Load (0.1ms)[0m  [1m[34mSELECT "cars".* FROM "cars" WHERE "cars"."id" = ? LIMIT ?[0m  [["id", 1], ["LIMIT", 1]]
  ↳ app/controllers/cars_controller.rb:63:in `set_car'
  Rendering layout layouts/application.html.erb
  Rendering cars/edit.html.erb within layouts/application
  Rendered cars/_form.html.erb (Duration: 1.1ms | Allocations: 1351)
  Rendered cars/edit.html.erb within layouts/application (Duration: 1.4ms | Allocations: 1489)
  Rendered layout layouts/application.html.erb (Duration: 3.1ms | Allocations: 3669)
Completed 200 OK in 4ms (Views: 3.4ms | ActiveRecord: 0.1ms | Allocations: 4458)


Started GET "/" for 127.0.0.1 at 2022-08-04 13:24:12 +0530
Processing by CarsController#index as HTML
  Rendering layout layouts/application.html.erb
  Rendering cars/index.html.erb within layouts/application
  [1m[36mCar Load (0.1ms)[0m  [1m[34mSELECT "cars".* FROM "cars"[0m
  ↳ app/views/cars/index.html.erb:6
  Rendered cars/_car.html.erb (Duration: 0.0ms | Allocations: 25)
  Rendered cars/index.html.erb within layouts/application (Duration: 0.9ms | Allocations: 881)
  Rendered layout layouts/application.html.erb (Duration: 2.2ms | Allocations: 3081)
Completed 200 OK in 3ms (Views: 2.3ms | ActiveRecord: 0.1ms | Allocations: 3412)


Started GET "/cars/1" for 127.0.0.1 at 2022-08-04 13:24:33 +0530
Processing by CarsController#show as HTML
  Parameters: {"id"=>"1"}
  [1m[36mCar Load (0.1ms)[0m  [1m[34mSELECT "cars".* FROM "cars" WHERE "cars"."id" = ? LIMIT ?[0m  [["id", 1], ["LIMIT", 1]]
  ↳ app/controllers/cars_controller.rb:63:in `set_car'
  Rendering layout layouts/application.html.erb
  Rendering cars/show.html.erb within layouts/application
  Rendered cars/_car.html.erb (Duration: 0.1ms | Allocations: 25)
  Rendered cars/show.html.erb within layouts/application (Duration: 1.0ms | Allocations: 595)
  Rendered layout layouts/application.html.erb (Duration: 3.1ms | Allocations: 2774)
Completed 200 OK in 5ms (Views: 3.5ms | ActiveRecord: 0.1ms | Allocations: 3551)


Started GET "/cars/1/edit" for 127.0.0.1 at 2022-08-04 13:24:58 +0530
Processing by CarsController#edit as HTML
  Parameters: {"id"=>"1"}
  [1m[36mCar Load (0.1ms)[0m  [1m[34mSELECT "cars".* FROM "cars" WHERE "cars"."id" = ? LIMIT ?[0m  [["id", 1], ["LIMIT", 1]]
  ↳ app/controllers/cars_controller.rb:63:in `set_car'
  Rendering layout layouts/application.html.erb
  Rendering cars/edit.html.erb within layouts/application
  Rendered cars/_form.html.erb (Duration: 1.6ms | Allocations: 1327)
  Rendered cars/edit.html.erb within layouts/application (Duration: 1.8ms | Allocations: 1465)
  Rendered layout layouts/application.html.erb (Duration: 3.6ms | Allocations: 3644)
Completed 200 OK in 5ms (Views: 4.0ms | ActiveRecord: 0.1ms | Allocations: 4421)


Started PATCH "/cars/1" for 127.0.0.1 at 2022-08-04 13:25:08 +0530
Processing by CarsController#update as TURBO_STREAM
  Parameters: {"authenticity_token"=>"[FILTERED]", "car"=>{"make"=>"asd", "model"=>"89ij", "year"=>"2"}, "commit"=>"Update Car", "id"=>"1"}
  [1m[36mCar Load (0.2ms)[0m  [1m[34mSELECT "cars".* FROM "cars" WHERE "cars"."id" = ? LIMIT ?[0m  [["id", 1], ["LIMIT", 1]]
  ↳ app/controllers/cars_controller.rb:63:in `set_car'
Redirected to http://localhost:3000/cars/1
Completed 302 Found in 4ms (ActiveRecord: 0.2ms | Allocations: 1611)


Started GET "/cars/1" for 127.0.0.1 at 2022-08-04 13:25:08 +0530
Processing by CarsController#show as TURBO_STREAM
  Parameters: {"id"=>"1"}
  [1m[36mCar Load (0.1ms)[0m  [1m[34mSELECT "cars".* FROM "cars" WHERE "cars"."id" = ? LIMIT ?[0m  [["id", 1], ["LIMIT", 1]]
  ↳ app/controllers/cars_controller.rb:63:in `set_car'
  Rendering layout layouts/application.html.erb
  Rendering cars/show.html.erb within layouts/application
  Rendered cars/_car.html.erb (Duration: 0.1ms | Allocations: 25)
  Rendered cars/show.html.erb within layouts/application (Duration: 1.0ms | Allocations: 648)
  Rendered layout layouts/application.html.erb (Duration: 2.8ms | Allocations: 2828)
Completed 200 OK in 4ms (Views: 3.2ms | ActiveRecord: 0.1ms | Allocations: 3661)


Started DELETE "/cars/1" for 127.0.0.1 at 2022-08-04 13:25:26 +0530
Processing by CarsController#destroy as TURBO_STREAM
  Parameters: {"authenticity_token"=>"[FILTERED]", "id"=>"1"}
  [1m[36mCar Load (0.1ms)[0m  [1m[34mSELECT "cars".* FROM "cars" WHERE "cars"."id" = ? LIMIT ?[0m  [["id", 1], ["LIMIT", 1]]
  ↳ app/controllers/cars_controller.rb:63:in `set_car'
  [1m[36mTRANSACTION (0.1ms)[0m  [1m[36mbegin transaction[0m
  ↳ app/controllers/cars_controller.rb:52:in `destroy'
  [1m[36mCar Destroy (0.3ms)[0m  [1m[31mDELETE FROM "cars" WHERE "cars"."id" = ?[0m  [["id", 1]]
  ↳ app/controllers/cars_controller.rb:52:in `destroy'
  [1m[36mTRANSACTION (12.2ms)[0m  [1m[36mcommit transaction[0m
  ↳ app/controllers/cars_controller.rb:52:in `destroy'
Redirected to http://localhost:3000/cars
Completed 302 Found in 19ms (ActiveRecord: 12.7ms | Allocations: 2365)


Started GET "/cars" for 127.0.0.1 at 2022-08-04 13:25:26 +0530
Processing by CarsController#index as TURBO_STREAM
  Rendering layout layouts/application.html.erb
  Rendering cars/index.html.erb within layouts/application
  [1m[36mCar Load (0.1ms)[0m  [1m[34mSELECT "cars".* FROM "cars"[0m
  ↳ app/views/cars/index.html.erb:6
  Rendered cars/index.html.erb within layouts/application (Duration: 1.7ms | Allocations: 745)
  Rendered layout layouts/application.html.erb (Duration: 4.4ms | Allocations: 2945)
Completed 200 OK in 5ms (Views: 4.8ms | ActiveRecord: 0.1ms | Allocations: 3282)


Started GET "/" for 127.0.0.1 at 2022-08-05 16:13:42 +0530
  [1m[35m (0.5ms)[0m  [1m[34mSELECT sqlite_version(*)[0m
  [1m[36mActiveRecord::SchemaMigration Pluck (2.7ms)[0m  [1m[34mSELECT "schema_migrations"."version" FROM "schema_migrations" ORDER BY "schema_migrations"."version" ASC[0m
Processing by CarsController#index as HTML
  Rendering layout layouts/application.html.erb
  Rendering cars/index.html.erb within layouts/application
  [1m[36mCar Load (0.1ms)[0m  [1m[34mSELECT "cars".* FROM "cars"[0m
  ↳ app/views/cars/index.html.erb:6
  Rendered cars/index.html.erb within layouts/application (Duration: 3.1ms | Allocations: 1417)
  Rendered layout layouts/application.html.erb (Duration: 34.5ms | Allocations: 36168)
Completed 200 OK in 44ms (Views: 37.4ms | ActiveRecord: 0.1ms | Allocations: 42122)


Started GET "/cars" for 127.0.0.1 at 2022-08-05 16:13:49 +0530
Processing by CarsController#index as HTML
  Rendering layout layouts/application.html.erb
  Rendering cars/index.html.erb within layouts/application
  [1m[36mCar Load (0.1ms)[0m  [1m[34mSELECT "cars".* FROM "cars"[0m
  ↳ app/views/cars/index.html.erb:6
  Rendered cars/index.html.erb within layouts/application (Duration: 1.0ms | Allocations: 742)
  Rendered layout layouts/application.html.erb (Duration: 3.6ms | Allocations: 2943)
Completed 200 OK in 4ms (Views: 3.8ms | ActiveRecord: 0.1ms | Allocations: 3285)


